2015-04-07 15:19:40,351 [localhost-startStop-1] ERROR StackTrace  - Full Stack Trace:
Assertion failed: 

assert State.count == 2
             |     |
             3     false

	at org.codehaus.groovy.runtime.InvokerHelper.assertFailed(InvokerHelper.java:398)
	at org.codehaus.groovy.runtime.ScriptBytecodeAdapter.assertFailed(ScriptBytecodeAdapter.java:648)
	at BootStrap.seedDevData(BootStrap.groovy:24)
	at BootStrap.this$2$seedDevData(BootStrap.groovy)
	at sun.reflect.NativeMethodAccessorImpl.invoke0(Native Method)
	at sun.reflect.NativeMethodAccessorImpl.invoke(NativeMethodAccessorImpl.java:57)
	at sun.reflect.DelegatingMethodAccessorImpl.invoke(DelegatingMethodAccessorImpl.java:43)
	at java.lang.reflect.Method.invoke(Method.java:606)
	at org.springsource.loaded.ri.ReflectiveInterceptor.jlrMethodInvoke(ReflectiveInterceptor.java:1270)
	at org.codehaus.groovy.reflection.CachedMethod.invoke(CachedMethod.java:90)
	at groovy.lang.MetaMethod.doMethodInvoke(MetaMethod.java:324)
	at groovy.lang.MetaClassImpl.invokeMethod(MetaClassImpl.java:1207)
	at groovy.lang.ExpandoMetaClass.invokeMethod(ExpandoMetaClass.java:1110)
	at groovy.lang.MetaClassImpl.invokeMethod(MetaClassImpl.java:1016)
	at groovy.lang.MetaClassImpl.invokeMethod(MetaClassImpl.java:1152)
	at groovy.lang.ExpandoMetaClass.invokeMethod(ExpandoMetaClass.java:1110)
	at groovy.lang.MetaClassImpl.invokeMethod(MetaClassImpl.java:1016)
	at org.codehaus.groovy.runtime.callsite.PogoMetaClassSite.callCurrent(PogoMetaClassSite.java:66)
	at org.codehaus.groovy.runtime.callsite.CallSiteArray.defaultCallCurrent(CallSiteArray.java:49)
	at org.codehaus.groovy.runtime.callsite.AbstractCallSite.callCurrent(AbstractCallSite.java:133)
	at org.codehaus.groovy.runtime.callsite.AbstractCallSite.callCurrent(AbstractCallSite.java:137)
	at BootStrap$_closure1.doCall(BootStrap.groovy:9)
	at sun.reflect.NativeMethodAccessorImpl.invoke0(Native Method)
	at sun.reflect.NativeMethodAccessorImpl.invoke(NativeMethodAccessorImpl.java:57)
	at sun.reflect.DelegatingMethodAccessorImpl.invoke(DelegatingMethodAccessorImpl.java:43)
	at java.lang.reflect.Method.invoke(Method.java:606)
	at org.springsource.loaded.ri.ReflectiveInterceptor.jlrMethodInvoke(ReflectiveInterceptor.java:1270)
	at org.codehaus.groovy.reflection.CachedMethod.invoke(CachedMethod.java:90)
	at groovy.lang.MetaMethod.doMethodInvoke(MetaMethod.java:324)
	at groovy.lang.MetaClassImpl.invokeMethod(MetaClassImpl.java:1207)
	at groovy.lang.ExpandoMetaClass.invokeMethod(ExpandoMetaClass.java:1110)
	at groovy.lang.MetaClassImpl.invokeMethod(MetaClassImpl.java:1016)
	at groovy.lang.MetaClassImpl.invokeMethod(MetaClassImpl.java:1081)
	at groovy.lang.ExpandoMetaClass.invokeMethod(ExpandoMetaClass.java:1110)
	at groovy.lang.MetaClassImpl.invokeMethod(MetaClassImpl.java:1016)
	at groovy.lang.Closure.call(Closure.java:423)
	at groovy.lang.Closure.call(Closure.java:417)
	at grails.util.Environment.evaluateEnvironmentSpecificBlock(Environment.java:327)
	at grails.util.Environment.executeForEnvironment(Environment.java:320)
	at grails.util.Environment.executeForCurrentEnvironment(Environment.java:296)
	at org.codehaus.groovy.grails.commons.DefaultGrailsBootstrapClass.callInit(DefaultGrailsBootstrapClass.java:60)
	at org.codehaus.groovy.grails.web.context.GrailsConfigUtils.executeGrailsBootstraps(GrailsConfigUtils.java:78)
	at org.codehaus.groovy.grails.web.context.GrailsContextLoaderListener.initWebApplicationContext(GrailsContextLoaderListener.java:110)
	at org.springframework.web.context.ContextLoaderListener.contextInitialized(ContextLoaderListener.java:106)
	at org.apache.catalina.core.StandardContext.listenerStart(StandardContext.java:4992)
	at org.apache.catalina.core.StandardContext.startInternal(StandardContext.java:5490)
	at org.apache.catalina.util.LifecycleBase.start(LifecycleBase.java:150)
	at org.apache.catalina.core.ContainerBase$StartChild.call(ContainerBase.java:1575)
	at org.apache.catalina.core.ContainerBase$StartChild.call(ContainerBase.java:1565)
	at java.util.concurrent.FutureTask.run(FutureTask.java:262)
	at java.util.concurrent.ThreadPoolExecutor.runWorker(ThreadPoolExecutor.java:1145)
	at java.util.concurrent.ThreadPoolExecutor$Worker.run(ThreadPoolExecutor.java:615)
	at java.lang.Thread.run(Thread.java:745)
2015-04-07 15:19:40,354 [localhost-startStop-1] ERROR StackTrace  - Full Stack Trace:
Assertion failed: 

assert State.count == 2
             |     |
             3     false

	at BootStrap.seedDevData(BootStrap.groovy:24)
	at BootStrap$_closure1.doCall(BootStrap.groovy:9)
	at grails.util.Environment.evaluateEnvironmentSpecificBlock(Environment.java:327)
	at grails.util.Environment.executeForEnvironment(Environment.java:320)
	at grails.util.Environment.executeForCurrentEnvironment(Environment.java:296)
	at java.util.concurrent.FutureTask.run(FutureTask.java:262)
	at java.util.concurrent.ThreadPoolExecutor.runWorker(ThreadPoolExecutor.java:1145)
	at java.util.concurrent.ThreadPoolExecutor$Worker.run(ThreadPoolExecutor.java:615)
	at java.lang.Thread.run(Thread.java:745)
2015-04-07 15:19:40,354 [localhost-startStop-1] ERROR StackTrace  - Full Stack Trace:
Assertion failed: 

assert State.count == 2
             |     |
             3     false

	at BootStrap.seedDevData(BootStrap.groovy:24)
	at BootStrap$_closure1.doCall(BootStrap.groovy:9)
	at grails.util.Environment.evaluateEnvironmentSpecificBlock(Environment.java:327)
	at grails.util.Environment.executeForEnvironment(Environment.java:320)
	at grails.util.Environment.executeForCurrentEnvironment(Environment.java:296)
	at java.util.concurrent.FutureTask.run(FutureTask.java:262)
	at java.util.concurrent.ThreadPoolExecutor.runWorker(ThreadPoolExecutor.java:1145)
	at java.util.concurrent.ThreadPoolExecutor$Worker.run(ThreadPoolExecutor.java:615)
	at java.lang.Thread.run(Thread.java:745)
2015-04-07 15:19:40,355 [localhost-startStop-1] ERROR StackTrace  - Full Stack Trace:
Assertion failed: 

assert State.count == 2
             |     |
             3     false

	at BootStrap.seedDevData(BootStrap.groovy:24)
	at BootStrap$_closure1.doCall(BootStrap.groovy:9)
	at grails.util.Environment.evaluateEnvironmentSpecificBlock(Environment.java:327)
	at grails.util.Environment.executeForEnvironment(Environment.java:320)
	at grails.util.Environment.executeForCurrentEnvironment(Environment.java:296)
	at java.util.concurrent.FutureTask.run(FutureTask.java:262)
	at java.util.concurrent.ThreadPoolExecutor.runWorker(ThreadPoolExecutor.java:1145)
	at java.util.concurrent.ThreadPoolExecutor$Worker.run(ThreadPoolExecutor.java:615)
	at java.lang.Thread.run(Thread.java:745)
2015-04-07 15:19:40,355 [localhost-startStop-1] ERROR StackTrace  - Full Stack Trace:
Assertion failed: 

assert State.count == 2
             |     |
             3     false

	at BootStrap.seedDevData(BootStrap.groovy:24)
	at BootStrap$_closure1.doCall(BootStrap.groovy:9)
	at grails.util.Environment.evaluateEnvironmentSpecificBlock(Environment.java:327)
	at grails.util.Environment.executeForEnvironment(Environment.java:320)
	at grails.util.Environment.executeForCurrentEnvironment(Environment.java:296)
	at java.util.concurrent.FutureTask.run(FutureTask.java:262)
	at java.util.concurrent.ThreadPoolExecutor.runWorker(ThreadPoolExecutor.java:1145)
	at java.util.concurrent.ThreadPoolExecutor$Worker.run(ThreadPoolExecutor.java:615)
	at java.lang.Thread.run(Thread.java:745)
2015-04-07 15:19:40,355 [localhost-startStop-1] ERROR StackTrace  - Full Stack Trace:
Assertion failed: 

assert State.count == 2
             |     |
             3     false

	at BootStrap.seedDevData(BootStrap.groovy:24)
	at BootStrap$_closure1.doCall(BootStrap.groovy:9)
	at grails.util.Environment.evaluateEnvironmentSpecificBlock(Environment.java:327)
	at grails.util.Environment.executeForEnvironment(Environment.java:320)
	at grails.util.Environment.executeForCurrentEnvironment(Environment.java:296)
	at java.util.concurrent.FutureTask.run(FutureTask.java:262)
	at java.util.concurrent.ThreadPoolExecutor.runWorker(ThreadPoolExecutor.java:1145)
	at java.util.concurrent.ThreadPoolExecutor$Worker.run(ThreadPoolExecutor.java:615)
	at java.lang.Thread.run(Thread.java:745)
2015-04-07 15:19:40,390 [localhost-startStop-1] ERROR StackTrace  - Full Stack Trace:
Assertion failed: 

assert State.count == 2
             |     |
             3     false

	at BootStrap.seedDevData(BootStrap.groovy:24)
	at BootStrap$_closure1.doCall(BootStrap.groovy:9)
	at grails.util.Environment.evaluateEnvironmentSpecificBlock(Environment.java:327)
	at grails.util.Environment.executeForEnvironment(Environment.java:320)
	at grails.util.Environment.executeForCurrentEnvironment(Environment.java:296)
	at java.util.concurrent.FutureTask.run(FutureTask.java:262)
	at java.util.concurrent.ThreadPoolExecutor.runWorker(ThreadPoolExecutor.java:1145)
	at java.util.concurrent.ThreadPoolExecutor$Worker.run(ThreadPoolExecutor.java:615)
	at java.lang.Thread.run(Thread.java:745)
2015-04-07 15:19:40,390 [localhost-startStop-1] ERROR StackTrace  - Full Stack Trace:
Assertion failed: 

assert State.count == 2
             |     |
             3     false

	at BootStrap.seedDevData(BootStrap.groovy:24)
	at BootStrap$_closure1.doCall(BootStrap.groovy:9)
	at grails.util.Environment.evaluateEnvironmentSpecificBlock(Environment.java:327)
	at grails.util.Environment.executeForEnvironment(Environment.java:320)
	at grails.util.Environment.executeForCurrentEnvironment(Environment.java:296)
	at java.util.concurrent.FutureTask.run(FutureTask.java:262)
	at java.util.concurrent.ThreadPoolExecutor.runWorker(ThreadPoolExecutor.java:1145)
	at java.util.concurrent.ThreadPoolExecutor$Worker.run(ThreadPoolExecutor.java:615)
	at java.lang.Thread.run(Thread.java:745)
2015-04-07 15:19:40,390 [localhost-startStop-1] ERROR StackTrace  - Full Stack Trace:
Assertion failed: 

assert State.count == 2
             |     |
             3     false

	at BootStrap.seedDevData(BootStrap.groovy:24)
	at BootStrap$_closure1.doCall(BootStrap.groovy:9)
	at grails.util.Environment.evaluateEnvironmentSpecificBlock(Environment.java:327)
	at grails.util.Environment.executeForEnvironment(Environment.java:320)
	at grails.util.Environment.executeForCurrentEnvironment(Environment.java:296)
	at java.util.concurrent.FutureTask.run(FutureTask.java:262)
	at java.util.concurrent.ThreadPoolExecutor.runWorker(ThreadPoolExecutor.java:1145)
	at java.util.concurrent.ThreadPoolExecutor$Worker.run(ThreadPoolExecutor.java:615)
	at java.lang.Thread.run(Thread.java:745)
2015-04-07 15:19:40,390 [localhost-startStop-1] ERROR StackTrace  - Full Stack Trace:
Assertion failed: 

assert State.count == 2
             |     |
             3     false

	at BootStrap.seedDevData(BootStrap.groovy:24)
	at BootStrap$_closure1.doCall(BootStrap.groovy:9)
	at grails.util.Environment.evaluateEnvironmentSpecificBlock(Environment.java:327)
	at grails.util.Environment.executeForEnvironment(Environment.java:320)
	at grails.util.Environment.executeForCurrentEnvironment(Environment.java:296)
	at java.util.concurrent.FutureTask.run(FutureTask.java:262)
	at java.util.concurrent.ThreadPoolExecutor.runWorker(ThreadPoolExecutor.java:1145)
	at java.util.concurrent.ThreadPoolExecutor$Worker.run(ThreadPoolExecutor.java:615)
	at java.lang.Thread.run(Thread.java:745)
2015-04-07 15:19:40,395 [localhost-startStop-1] ERROR StackTrace  - Full Stack Trace:
org.springframework.beans.factory.access.BootstrapException: Error executing bootstraps; nested exception is Assertion failed: 

assert State.count == 2
             |     |
             3     false

	at org.codehaus.groovy.grails.web.context.GrailsContextLoaderListener.initWebApplicationContext(GrailsContextLoaderListener.java:126)
	at org.springframework.web.context.ContextLoaderListener.contextInitialized(ContextLoaderListener.java:106)
	at org.apache.catalina.core.StandardContext.listenerStart(StandardContext.java:4992)
	at org.apache.catalina.core.StandardContext.startInternal(StandardContext.java:5490)
	at org.apache.catalina.util.LifecycleBase.start(LifecycleBase.java:150)
	at org.apache.catalina.core.ContainerBase$StartChild.call(ContainerBase.java:1575)
	at org.apache.catalina.core.ContainerBase$StartChild.call(ContainerBase.java:1565)
	at java.util.concurrent.FutureTask.run(FutureTask.java:262)
	at java.util.concurrent.ThreadPoolExecutor.runWorker(ThreadPoolExecutor.java:1145)
	at java.util.concurrent.ThreadPoolExecutor$Worker.run(ThreadPoolExecutor.java:615)
	at java.lang.Thread.run(Thread.java:745)
Caused by: Assertion failed: 

assert State.count == 2
             |     |
             3     false

	at BootStrap.seedDevData(BootStrap.groovy:24)
	at BootStrap$_closure1.doCall(BootStrap.groovy:9)
	at grails.util.Environment.evaluateEnvironmentSpecificBlock(Environment.java:327)
	at grails.util.Environment.executeForEnvironment(Environment.java:320)
	at grails.util.Environment.executeForCurrentEnvironment(Environment.java:296)
	... 4 more
2015-04-07 15:19:40,395 [localhost-startStop-1] ERROR StackTrace  - Full Stack Trace:
Assertion failed: 

assert State.count == 2
             |     |
             3     false

	at BootStrap.seedDevData(BootStrap.groovy:24)
	at BootStrap$_closure1.doCall(BootStrap.groovy:9)
	at grails.util.Environment.evaluateEnvironmentSpecificBlock(Environment.java:327)
	at grails.util.Environment.executeForEnvironment(Environment.java:320)
	at grails.util.Environment.executeForCurrentEnvironment(Environment.java:296)
	at java.util.concurrent.FutureTask.run(FutureTask.java:262)
	at java.util.concurrent.ThreadPoolExecutor.runWorker(ThreadPoolExecutor.java:1145)
	at java.util.concurrent.ThreadPoolExecutor$Worker.run(ThreadPoolExecutor.java:615)
	at java.lang.Thread.run(Thread.java:745)
2015-04-07 15:19:40,395 [localhost-startStop-1] ERROR StackTrace  - Full Stack Trace:
org.springframework.beans.factory.access.BootstrapException: Error executing bootstraps; nested exception is Assertion failed: 

assert State.count == 2
             |     |
             3     false

	at java.util.concurrent.FutureTask.run(FutureTask.java:262)
	at java.util.concurrent.ThreadPoolExecutor.runWorker(ThreadPoolExecutor.java:1145)
	at java.util.concurrent.ThreadPoolExecutor$Worker.run(ThreadPoolExecutor.java:615)
	at java.lang.Thread.run(Thread.java:745)
Caused by: Assertion failed: 

assert State.count == 2
             |     |
             3     false

	at BootStrap.seedDevData(BootStrap.groovy:24)
	at BootStrap$_closure1.doCall(BootStrap.groovy:9)
	at grails.util.Environment.evaluateEnvironmentSpecificBlock(Environment.java:327)
	at grails.util.Environment.executeForEnvironment(Environment.java:320)
	at grails.util.Environment.executeForCurrentEnvironment(Environment.java:296)
	... 4 more
2015-04-07 15:32:12,272 [http-bio-8080-exec-10] ERROR StackTrace  - Full Stack Trace:
groovy.lang.MissingMethodException: No signature of method: edu.osumc.bmi.ird.state.service.StateController.response() is applicable for argument types: (java.util.LinkedHashMap, java.util.ArrayList) values: [[formats:[json, xml]], [edu.osumc.bmi.ird.state.service.State(id:1, version:0, name:OH, fullName:Ohio), ...]]
Possible solutions: getResponse(), getResponse(), respond(java.lang.Object), respond(java.lang.Object, java.util.Map), respond(java.util.Map, java.lang.Object), respondsTo(java.lang.String)
	at org.codehaus.groovy.grails.plugins.web.api.ControllerTagLibraryApi.methodMissing(ControllerTagLibraryApi.java:97)
	at edu.osumc.bmi.ird.state.service.StateController$$EP9CSDhw.methodMissing(StateController.groovy)
	at sun.reflect.NativeMethodAccessorImpl.invoke0(Native Method)
	at sun.reflect.NativeMethodAccessorImpl.invoke(NativeMethodAccessorImpl.java:57)
	at sun.reflect.DelegatingMethodAccessorImpl.invoke(DelegatingMethodAccessorImpl.java:43)
	at java.lang.reflect.Method.invoke(Method.java:606)
	at org.springsource.loaded.ri.ReloadedTypeInvoker$2.invoke(ReloadedTypeInvoker.java:122)
	at org.springsource.loaded.ri.ReflectiveInterceptor.jlrMethodInvoke(ReflectiveInterceptor.java:1299)
	at org.codehaus.groovy.reflection.CachedMethod.invoke(CachedMethod.java:90)
	at groovy.lang.MetaClassImpl.invokeMissingMethod(MetaClassImpl.java:933)
	at groovy.lang.MetaClassImpl.invokePropertyOrMissing(MetaClassImpl.java:1256)
	at groovy.lang.MetaClassImpl.invokeMethod(MetaClassImpl.java:1209)
	at groovy.lang.ExpandoMetaClass.invokeMethod(ExpandoMetaClass.java:1110)
	at groovy.lang.MetaClassImpl.invokeMethod(MetaClassImpl.java:1016)
	at org.codehaus.groovy.runtime.callsite.PogoMetaClassSite.callCurrent(PogoMetaClassSite.java:66)
	at org.codehaus.groovy.runtime.callsite.CallSiteArray.defaultCallCurrent(CallSiteArray.java:49)
	at org.codehaus.groovy.runtime.callsite.AbstractCallSite.callCurrent(AbstractCallSite.java:133)
	at org.codehaus.groovy.runtime.callsite.AbstractCallSite.callCurrent(AbstractCallSite.java:145)
	at edu.osumc.bmi.ird.state.service.StateController$$EP9CSDhw.index(StateController.groovy:14)
	at sun.reflect.NativeMethodAccessorImpl.invoke0(Native Method)
	at sun.reflect.NativeMethodAccessorImpl.invoke(NativeMethodAccessorImpl.java:57)
	at sun.reflect.DelegatingMethodAccessorImpl.invoke(DelegatingMethodAccessorImpl.java:43)
	at java.lang.reflect.Method.invoke(Method.java:606)
	at org.springsource.loaded.ri.ReloadedTypeInvoker$2.invoke(ReloadedTypeInvoker.java:122)
	at org.springsource.loaded.ri.ReflectiveInterceptor.jlrMethodInvoke(ReflectiveInterceptor.java:1299)
	at org.codehaus.groovy.grails.web.servlet.mvc.MixedGrailsControllerHelper.invoke(MixedGrailsControllerHelper.java:154)
	at org.codehaus.groovy.grails.web.servlet.mvc.AbstractGrailsControllerHelper.handleAction(AbstractGrailsControllerHelper.java:375)
	at org.codehaus.groovy.grails.web.servlet.mvc.AbstractGrailsControllerHelper.executeAction(AbstractGrailsControllerHelper.java:252)
	at org.codehaus.groovy.grails.web.servlet.mvc.AbstractGrailsControllerHelper.handleURI(AbstractGrailsControllerHelper.java:205)
	at org.codehaus.groovy.grails.web.servlet.mvc.AbstractGrailsControllerHelper.handleURI(AbstractGrailsControllerHelper.java:126)
	at org.codehaus.groovy.grails.web.servlet.mvc.SimpleGrailsController.handleRequest(SimpleGrailsController.java:72)
	at org.springframework.web.servlet.mvc.SimpleControllerHandlerAdapter.handle(SimpleControllerHandlerAdapter.java:50)
	at org.codehaus.groovy.grails.web.servlet.GrailsDispatcherServlet.doDispatch(GrailsDispatcherServlet.java:347)
	at org.springframework.web.servlet.DispatcherServlet.doService(DispatcherServlet.java:870)
	at org.springframework.web.servlet.FrameworkServlet.processRequest(FrameworkServlet.java:961)
	at org.springframework.web.servlet.FrameworkServlet.doGet(FrameworkServlet.java:852)
	at javax.servlet.http.HttpServlet.service(HttpServlet.java:620)
	at org.springframework.web.servlet.FrameworkServlet.service(FrameworkServlet.java:837)
	at javax.servlet.http.HttpServlet.service(HttpServlet.java:727)
	at org.apache.catalina.core.ApplicationFilterChain.internalDoFilter(ApplicationFilterChain.java:303)
	at org.apache.catalina.core.ApplicationFilterChain.doFilter(ApplicationFilterChain.java:208)
	at org.apache.tomcat.websocket.server.WsFilter.doFilter(WsFilter.java:52)
	at org.apache.catalina.core.ApplicationFilterChain.internalDoFilter(ApplicationFilterChain.java:241)
	at org.apache.catalina.core.ApplicationFilterChain.doFilter(ApplicationFilterChain.java:208)
	at grails.plugin.cache.web.filter.PageFragmentCachingFilter.doFilter(PageFragmentCachingFilter.java:198)
	at grails.plugin.cache.web.filter.AbstractFilter.doFilter(AbstractFilter.java:63)
	at org.springframework.web.filter.DelegatingFilterProxy.invokeDelegate(DelegatingFilterProxy.java:344)
	at org.springframework.web.filter.DelegatingFilterProxy.doFilter(DelegatingFilterProxy.java:261)
	at org.apache.catalina.core.ApplicationFilterChain.internalDoFilter(ApplicationFilterChain.java:241)
	at org.apache.catalina.core.ApplicationFilterChain.doFilter(ApplicationFilterChain.java:208)
	at org.springframework.web.filter.OncePerRequestFilter.doFilter(OncePerRequestFilter.java:101)
	at org.apache.catalina.core.ApplicationFilterChain.internalDoFilter(ApplicationFilterChain.java:241)
	at org.apache.catalina.core.ApplicationFilterChain.doFilter(ApplicationFilterChain.java:208)
	at org.springframework.web.filter.OncePerRequestFilter.doFilter(OncePerRequestFilter.java:101)
	at org.apache.catalina.core.ApplicationFilterChain.internalDoFilter(ApplicationFilterChain.java:241)
	at org.apache.catalina.core.ApplicationFilterChain.doFilter(ApplicationFilterChain.java:208)
	at org.springframework.web.filter.OncePerRequestFilter.doFilter(OncePerRequestFilter.java:101)
	at org.apache.catalina.core.ApplicationFilterChain.internalDoFilter(ApplicationFilterChain.java:241)
	at org.apache.catalina.core.ApplicationFilterChain.doFilter(ApplicationFilterChain.java:208)
	at org.apache.catalina.core.ApplicationDispatcher.invoke(ApplicationDispatcher.java:748)
	at org.apache.catalina.core.ApplicationDispatcher.processRequest(ApplicationDispatcher.java:486)
	at org.apache.catalina.core.ApplicationDispatcher.doForward(ApplicationDispatcher.java:411)
	at org.apache.catalina.core.ApplicationDispatcher.forward(ApplicationDispatcher.java:338)
	at org.codehaus.groovy.grails.web.mapping.UrlMappingUtils.forwardRequestForUrlMappingInfo(UrlMappingUtils.java:178)
	at org.codehaus.groovy.grails.web.mapping.UrlMappingUtils.forwardRequestForUrlMappingInfo(UrlMappingUtils.java:144)
	at org.codehaus.groovy.grails.web.mapping.UrlMappingUtils.forwardRequestForUrlMappingInfo(UrlMappingUtils.java:135)
	at org.codehaus.groovy.grails.web.mapping.filter.UrlMappingsFilter.doFilterInternal(UrlMappingsFilter.java:216)
	at org.springframework.web.filter.OncePerRequestFilter.doFilter(OncePerRequestFilter.java:107)
	at org.apache.catalina.core.ApplicationFilterChain.internalDoFilter(ApplicationFilterChain.java:241)
	at org.apache.catalina.core.ApplicationFilterChain.doFilter(ApplicationFilterChain.java:208)
	at org.codehaus.groovy.grails.web.servlet.mvc.GrailsWebRequestFilter.doFilterInternal(GrailsWebRequestFilter.java:69)
	at org.springframework.web.filter.OncePerRequestFilter.doFilter(OncePerRequestFilter.java:107)
	at org.apache.catalina.core.ApplicationFilterChain.internalDoFilter(ApplicationFilterChain.java:241)
	at org.apache.catalina.core.ApplicationFilterChain.doFilter(ApplicationFilterChain.java:208)
	at org.codehaus.groovy.grails.web.filters.HiddenHttpMethodFilter.doFilterInternal(HiddenHttpMethodFilter.java:67)
	at org.springframework.web.filter.OncePerRequestFilter.doFilter(OncePerRequestFilter.java:107)
	at org.apache.catalina.core.ApplicationFilterChain.internalDoFilter(ApplicationFilterChain.java:241)
	at org.apache.catalina.core.ApplicationFilterChain.doFilter(ApplicationFilterChain.java:208)
	at org.springframework.web.filter.CharacterEncodingFilter.doFilterInternal(CharacterEncodingFilter.java:88)
	at org.springframework.web.filter.OncePerRequestFilter.doFilter(OncePerRequestFilter.java:107)
	at org.springframework.web.filter.DelegatingFilterProxy.invokeDelegate(DelegatingFilterProxy.java:344)
	at org.springframework.web.filter.DelegatingFilterProxy.doFilter(DelegatingFilterProxy.java:261)
	at org.apache.catalina.core.ApplicationFilterChain.internalDoFilter(ApplicationFilterChain.java:241)
	at org.apache.catalina.core.ApplicationFilterChain.doFilter(ApplicationFilterChain.java:208)
	at org.apache.catalina.core.StandardWrapperValve.invoke(StandardWrapperValve.java:220)
	at org.apache.catalina.core.StandardContextValve.invoke(StandardContextValve.java:122)
	at org.apache.catalina.core.StandardHostValve.invoke(StandardHostValve.java:171)
	at org.apache.catalina.valves.ErrorReportValve.invoke(ErrorReportValve.java:103)
	at org.apache.catalina.core.StandardEngineValve.invoke(StandardEngineValve.java:116)
	at org.apache.catalina.connector.CoyoteAdapter.service(CoyoteAdapter.java:408)
	at org.apache.coyote.http11.AbstractHttp11Processor.process(AbstractHttp11Processor.java:1070)
	at org.apache.coyote.AbstractProtocol$AbstractConnectionHandler.process(AbstractProtocol.java:611)
	at org.apache.tomcat.util.net.JIoEndpoint$SocketProcessor.run(JIoEndpoint.java:314)
	at java.util.concurrent.ThreadPoolExecutor.runWorker(ThreadPoolExecutor.java:1145)
	at java.util.concurrent.ThreadPoolExecutor$Worker.run(ThreadPoolExecutor.java:615)
	at org.apache.tomcat.util.threads.TaskThread$WrappingRunnable.run(TaskThread.java:61)
	at java.lang.Thread.run(Thread.java:745)
2015-04-07 15:32:12,297 [http-bio-8080-exec-10] ERROR StackTrace  - Full Stack Trace:
groovy.lang.MissingMethodException: No signature of method: edu.osumc.bmi.ird.state.service.StateController.response() is applicable for argument types: (java.util.LinkedHashMap, java.util.ArrayList) values: [[formats:[json, xml]], [edu.osumc.bmi.ird.state.service.State(id:1, version:0, name:OH, fullName:Ohio), ...]]
Possible solutions: getResponse(), getResponse(), respond(java.lang.Object), respond(java.lang.Object, java.util.Map), respond(java.util.Map, java.lang.Object), respondsTo(java.lang.String)
	at edu.osumc.bmi.ird.state.service.StateController$$EP9CSDhw.index(StateController.groovy:14)
	at grails.plugin.cache.web.filter.PageFragmentCachingFilter.doFilter(PageFragmentCachingFilter.java:198)
	at grails.plugin.cache.web.filter.AbstractFilter.doFilter(AbstractFilter.java:63)
	at java.util.concurrent.ThreadPoolExecutor.runWorker(ThreadPoolExecutor.java:1145)
	at java.util.concurrent.ThreadPoolExecutor$Worker.run(ThreadPoolExecutor.java:615)
	at java.lang.Thread.run(Thread.java:745)
2015-04-07 15:32:12,341 [http-bio-8080-exec-10] ERROR StackTrace  - Full Stack Trace:
groovy.lang.MissingMethodException: No signature of method: edu.osumc.bmi.ird.state.service.StateController.response() is applicable for argument types: (java.util.LinkedHashMap, java.util.ArrayList) values: [[formats:[json, xml]], [edu.osumc.bmi.ird.state.service.State(id:1, version:0, name:OH, fullName:Ohio), ...]]
Possible solutions: getResponse(), getResponse(), respond(java.lang.Object), respond(java.lang.Object, java.util.Map), respond(java.util.Map, java.lang.Object), respondsTo(java.lang.String)
	at edu.osumc.bmi.ird.state.service.StateController$$EP9CSDhw.index(StateController.groovy:14)
	at grails.plugin.cache.web.filter.PageFragmentCachingFilter.doFilter(PageFragmentCachingFilter.java:198)
	at grails.plugin.cache.web.filter.AbstractFilter.doFilter(AbstractFilter.java:63)
	at java.util.concurrent.ThreadPoolExecutor.runWorker(ThreadPoolExecutor.java:1145)
	at java.util.concurrent.ThreadPoolExecutor$Worker.run(ThreadPoolExecutor.java:615)
	at java.lang.Thread.run(Thread.java:745)
2015-04-07 15:32:12,343 [http-bio-8080-exec-10] ERROR StackTrace  - Full Stack Trace:
groovy.lang.MissingMethodException: No signature of method: edu.osumc.bmi.ird.state.service.StateController.response() is applicable for argument types: (java.util.LinkedHashMap, java.util.ArrayList) values: [[formats:[json, xml]], [edu.osumc.bmi.ird.state.service.State(id:1, version:0, name:OH, fullName:Ohio), ...]]
Possible solutions: getResponse(), getResponse(), respond(java.lang.Object), respond(java.lang.Object, java.util.Map), respond(java.util.Map, java.lang.Object), respondsTo(java.lang.String)
	at edu.osumc.bmi.ird.state.service.StateController$$EP9CSDhw.index(StateController.groovy:14)
	at grails.plugin.cache.web.filter.PageFragmentCachingFilter.doFilter(PageFragmentCachingFilter.java:198)
	at grails.plugin.cache.web.filter.AbstractFilter.doFilter(AbstractFilter.java:63)
	at java.util.concurrent.ThreadPoolExecutor.runWorker(ThreadPoolExecutor.java:1145)
	at java.util.concurrent.ThreadPoolExecutor$Worker.run(ThreadPoolExecutor.java:615)
	at java.lang.Thread.run(Thread.java:745)
2015-04-07 15:32:12,346 [http-bio-8080-exec-10] ERROR StackTrace  - Full Stack Trace:
groovy.lang.MissingMethodException: No signature of method: edu.osumc.bmi.ird.state.service.StateController.response() is applicable for argument types: (java.util.LinkedHashMap, java.util.ArrayList) values: [[formats:[json, xml]], [edu.osumc.bmi.ird.state.service.State(id:1, version:0, name:OH, fullName:Ohio), ...]]
Possible solutions: getResponse(), getResponse(), respond(java.lang.Object), respond(java.lang.Object, java.util.Map), respond(java.util.Map, java.lang.Object), respondsTo(java.lang.String)
	at edu.osumc.bmi.ird.state.service.StateController$$EP9CSDhw.index(StateController.groovy:14)
	at grails.plugin.cache.web.filter.PageFragmentCachingFilter.doFilter(PageFragmentCachingFilter.java:198)
	at grails.plugin.cache.web.filter.AbstractFilter.doFilter(AbstractFilter.java:63)
	at java.util.concurrent.ThreadPoolExecutor.runWorker(ThreadPoolExecutor.java:1145)
	at java.util.concurrent.ThreadPoolExecutor$Worker.run(ThreadPoolExecutor.java:615)
	at java.lang.Thread.run(Thread.java:745)
2015-04-07 15:32:12,348 [http-bio-8080-exec-10] ERROR StackTrace  - Full Stack Trace:
groovy.lang.MissingMethodException: No signature of method: edu.osumc.bmi.ird.state.service.StateController.response() is applicable for argument types: (java.util.LinkedHashMap, java.util.ArrayList) values: [[formats:[json, xml]], [edu.osumc.bmi.ird.state.service.State(id:1, version:0, name:OH, fullName:Ohio), ...]]
Possible solutions: getResponse(), getResponse(), respond(java.lang.Object), respond(java.lang.Object, java.util.Map), respond(java.util.Map, java.lang.Object), respondsTo(java.lang.String)
	at edu.osumc.bmi.ird.state.service.StateController$$EP9CSDhw.index(StateController.groovy:14)
	at grails.plugin.cache.web.filter.PageFragmentCachingFilter.doFilter(PageFragmentCachingFilter.java:198)
	at grails.plugin.cache.web.filter.AbstractFilter.doFilter(AbstractFilter.java:63)
	at java.util.concurrent.ThreadPoolExecutor.runWorker(ThreadPoolExecutor.java:1145)
	at java.util.concurrent.ThreadPoolExecutor$Worker.run(ThreadPoolExecutor.java:615)
	at java.lang.Thread.run(Thread.java:745)
2015-04-07 15:41:06,335 [main] ERROR StackTrace  - Full Stack Trace:
Condition not satisfied:

response.contentAsString == '[{"class":"edu.osumc.bmi.ird.state.service.State","id":1,"dateCreated":"2015-04-07T19:21:06Z","fullName":"Ohio","lastUpdated":"2015-04-07T19:21:06Z","name":"OH"},{"class":"edu.osumc.bmi.ird.state.service.State","id":2,"dateCreated":"2015-04-07T19:21:06Z","fullName":"Michigan","lastUpdated":"2015-04-07T19:21:06Z","name":"MI"},{"class":"edu.osumc.bmi.ird.state.service.State","id":3,"dateCreated":"2015-04-07T19:21:06Z","fullName":"California","lastUpdated":"2015-04-07T19:21:06Z","name":"CA"}]'
|        |               |
|        |               false
|        |               132 differences (73% similarity)
|        |               [{"class":"edu.osumc.bmi.ird.state.service.State","id":1,"dateCreated":(null------------------),"fullName":"Ohio","lastUpdated":(null------------------),"name":"OH"},{"class":"edu.osumc.bmi.ird.state.service.State","id":2,"dateCreated":(null------------------),"fullName":"Michigan","lastUpdated":(null------------------),"name":"MI"},{"class":"edu.osumc.bmi.ird.state.service.State","id":3,"dateCreated":(null------------------),"fullName":"California","lastUpdated":(null------------------),"name":"CA"}]
|        |               [{"class":"edu.osumc.bmi.ird.state.service.State","id":1,"dateCreated":("2015-04-07T19:21:06Z"),"fullName":"Ohio","lastUpdated":("2015-04-07T19:21:06Z"),"name":"OH"},{"class":"edu.osumc.bmi.ird.state.service.State","id":2,"dateCreated":("2015-04-07T19:21:06Z"),"fullName":"Michigan","lastUpdated":("2015-04-07T19:21:06Z"),"name":"MI"},{"class":"edu.osumc.bmi.ird.state.service.State","id":3,"dateCreated":("2015-04-07T19:21:06Z"),"fullName":"California","lastUpdated":("2015-04-07T19:21:06Z"),"name":"CA"}]
|        [{"class":"edu.osumc.bmi.ird.state.service.State","id":1,"dateCreated":null,"fullName":"Ohio","lastUpdated":null,"name":"OH"},{"class":"edu.osumc.bmi.ird.state.service.State","id":2,"dateCreated":null,"fullName":"Michigan","lastUpdated":null,"name":"MI"},{"class":"edu.osumc.bmi.ird.state.service.State","id":3,"dateCreated":null,"fullName":"California","lastUpdated":null,"name":"CA"}]
org.codehaus.groovy.grails.plugins.testing.GrailsMockHttpServletResponse@4c31a7a

	at edu.osumc.bmi.ird.state.service.StateControllerSpec.test index returns all states in json format(StateControllerSpec.groovy:34)
2015-04-07 15:41:06,355 [main] ERROR StackTrace  - Full Stack Trace:
Condition not satisfied:

response.contentAsString == '[{"class":"edu.osumc.bmi.ird.state.service.State","id":1,"dateCreated":"2015-04-07T19:21:06Z","fullName":"Ohio","lastUpdated":"2015-04-07T19:21:06Z","name":"OH"},{"class":"edu.osumc.bmi.ird.state.service.State","id":2,"dateCreated":"2015-04-07T19:21:06Z","fullName":"Michigan","lastUpdated":"2015-04-07T19:21:06Z","name":"MI"},{"class":"edu.osumc.bmi.ird.state.service.State","id":3,"dateCreated":"2015-04-07T19:21:06Z","fullName":"California","lastUpdated":"2015-04-07T19:21:06Z","name":"CA"}]'
|        |               |
|        |               false
|        |               132 differences (73% similarity)
|        |               [{"class":"edu.osumc.bmi.ird.state.service.State","id":1,"dateCreated":(null------------------),"fullName":"Ohio","lastUpdated":(null------------------),"name":"OH"},{"class":"edu.osumc.bmi.ird.state.service.State","id":2,"dateCreated":(null------------------),"fullName":"Michigan","lastUpdated":(null------------------),"name":"MI"},{"class":"edu.osumc.bmi.ird.state.service.State","id":3,"dateCreated":(null------------------),"fullName":"California","lastUpdated":(null------------------),"name":"CA"}]
|        |               [{"class":"edu.osumc.bmi.ird.state.service.State","id":1,"dateCreated":("2015-04-07T19:21:06Z"),"fullName":"Ohio","lastUpdated":("2015-04-07T19:21:06Z"),"name":"OH"},{"class":"edu.osumc.bmi.ird.state.service.State","id":2,"dateCreated":("2015-04-07T19:21:06Z"),"fullName":"Michigan","lastUpdated":("2015-04-07T19:21:06Z"),"name":"MI"},{"class":"edu.osumc.bmi.ird.state.service.State","id":3,"dateCreated":("2015-04-07T19:21:06Z"),"fullName":"California","lastUpdated":("2015-04-07T19:21:06Z"),"name":"CA"}]
|        [{"class":"edu.osumc.bmi.ird.state.service.State","id":1,"dateCreated":null,"fullName":"Ohio","lastUpdated":null,"name":"OH"},{"class":"edu.osumc.bmi.ird.state.service.State","id":2,"dateCreated":null,"fullName":"Michigan","lastUpdated":null,"name":"MI"},{"class":"edu.osumc.bmi.ird.state.service.State","id":3,"dateCreated":null,"fullName":"California","lastUpdated":null,"name":"CA"}]
org.codehaus.groovy.grails.plugins.testing.GrailsMockHttpServletResponse@4c31a7a

	at edu.osumc.bmi.ird.state.service.StateControllerSpec.test index returns all states in json format(StateControllerSpec.groovy:34)
2015-04-07 15:41:06,356 [main] ERROR StackTrace  - Full Stack Trace:
junit.framework.AssertionFailedError: Condition not satisfied:

response.contentAsString == '[{"class":"edu.osumc.bmi.ird.state.service.State","id":1,"dateCreated":"2015-04-07T19:21:06Z","fullName":"Ohio","lastUpdated":"2015-04-07T19:21:06Z","name":"OH"},{"class":"edu.osumc.bmi.ird.state.service.State","id":2,"dateCreated":"2015-04-07T19:21:06Z","fullName":"Michigan","lastUpdated":"2015-04-07T19:21:06Z","name":"MI"},{"class":"edu.osumc.bmi.ird.state.service.State","id":3,"dateCreated":"2015-04-07T19:21:06Z","fullName":"California","lastUpdated":"2015-04-07T19:21:06Z","name":"CA"}]'
|        |               |
|        |               false
|        |               132 differences (73% similarity)
|        |               [{"class":"edu.osumc.bmi.ird.state.service.State","id":1,"dateCreated":(null------------------),"fullName":"Ohio","lastUpdated":(null------------------),"name":"OH"},{"class":"edu.osumc.bmi.ird.state.service.State","id":2,"dateCreated":(null------------------),"fullName":"Michigan","lastUpdated":(null------------------),"name":"MI"},{"class":"edu.osumc.bmi.ird.state.service.State","id":3,"dateCreated":(null------------------),"fullName":"California","lastUpdated":(null------------------),"name":"CA"}]
|        |               [{"class":"edu.osumc.bmi.ird.state.service.State","id":1,"dateCreated":("2015-04-07T19:21:06Z"),"fullName":"Ohio","lastUpdated":("2015-04-07T19:21:06Z"),"name":"OH"},{"class":"edu.osumc.bmi.ird.state.service.State","id":2,"dateCreated":("2015-04-07T19:21:06Z"),"fullName":"Michigan","lastUpdated":("2015-04-07T19:21:06Z"),"name":"MI"},{"class":"edu.osumc.bmi.ird.state.service.State","id":3,"dateCreated":("2015-04-07T19:21:06Z"),"fullName":"California","lastUpdated":("2015-04-07T19:21:06Z"),"name":"CA"}]
|        [{"class":"edu.osumc.bmi.ird.state.service.State","id":1,"dateCreated":null,"fullName":"Ohio","lastUpdated":null,"name":"OH"},{"class":"edu.osumc.bmi.ird.state.service.State","id":2,"dateCreated":null,"fullName":"Michigan","lastUpdated":null,"name":"MI"},{"class":"edu.osumc.bmi.ird.state.service.State","id":3,"dateCreated":null,"fullName":"California","lastUpdated":null,"name":"CA"}]
org.codehaus.groovy.grails.plugins.testing.GrailsMockHttpServletResponse@4c31a7a

	at edu.osumc.bmi.ird.state.service.StateControllerSpec.test index returns all states in json format(StateControllerSpec.groovy:34)
2015-04-07 15:41:06,356 [main] ERROR StackTrace  - Full Stack Trace:
junit.framework.AssertionFailedError: Condition not satisfied:

response.contentAsString == '[{"class":"edu.osumc.bmi.ird.state.service.State","id":1,"dateCreated":"2015-04-07T19:21:06Z","fullName":"Ohio","lastUpdated":"2015-04-07T19:21:06Z","name":"OH"},{"class":"edu.osumc.bmi.ird.state.service.State","id":2,"dateCreated":"2015-04-07T19:21:06Z","fullName":"Michigan","lastUpdated":"2015-04-07T19:21:06Z","name":"MI"},{"class":"edu.osumc.bmi.ird.state.service.State","id":3,"dateCreated":"2015-04-07T19:21:06Z","fullName":"California","lastUpdated":"2015-04-07T19:21:06Z","name":"CA"}]'
|        |               |
|        |               false
|        |               132 differences (73% similarity)
|        |               [{"class":"edu.osumc.bmi.ird.state.service.State","id":1,"dateCreated":(null------------------),"fullName":"Ohio","lastUpdated":(null------------------),"name":"OH"},{"class":"edu.osumc.bmi.ird.state.service.State","id":2,"dateCreated":(null------------------),"fullName":"Michigan","lastUpdated":(null------------------),"name":"MI"},{"class":"edu.osumc.bmi.ird.state.service.State","id":3,"dateCreated":(null------------------),"fullName":"California","lastUpdated":(null------------------),"name":"CA"}]
|        |               [{"class":"edu.osumc.bmi.ird.state.service.State","id":1,"dateCreated":("2015-04-07T19:21:06Z"),"fullName":"Ohio","lastUpdated":("2015-04-07T19:21:06Z"),"name":"OH"},{"class":"edu.osumc.bmi.ird.state.service.State","id":2,"dateCreated":("2015-04-07T19:21:06Z"),"fullName":"Michigan","lastUpdated":("2015-04-07T19:21:06Z"),"name":"MI"},{"class":"edu.osumc.bmi.ird.state.service.State","id":3,"dateCreated":("2015-04-07T19:21:06Z"),"fullName":"California","lastUpdated":("2015-04-07T19:21:06Z"),"name":"CA"}]
|        [{"class":"edu.osumc.bmi.ird.state.service.State","id":1,"dateCreated":null,"fullName":"Ohio","lastUpdated":null,"name":"OH"},{"class":"edu.osumc.bmi.ird.state.service.State","id":2,"dateCreated":null,"fullName":"Michigan","lastUpdated":null,"name":"MI"},{"class":"edu.osumc.bmi.ird.state.service.State","id":3,"dateCreated":null,"fullName":"California","lastUpdated":null,"name":"CA"}]
org.codehaus.groovy.grails.plugins.testing.GrailsMockHttpServletResponse@4c31a7a

	at edu.osumc.bmi.ird.state.service.StateControllerSpec.test index returns all states in json format(StateControllerSpec.groovy:34)
2015-04-07 15:41:06,366 [main] ERROR StackTrace  - Full Stack Trace:
junit.framework.AssertionFailedError: Condition not satisfied:

response.contentAsString == '[{"class":"edu.osumc.bmi.ird.state.service.State","id":1,"dateCreated":"2015-04-07T19:21:06Z","fullName":"Ohio","lastUpdated":"2015-04-07T19:21:06Z","name":"OH"},{"class":"edu.osumc.bmi.ird.state.service.State","id":2,"dateCreated":"2015-04-07T19:21:06Z","fullName":"Michigan","lastUpdated":"2015-04-07T19:21:06Z","name":"MI"},{"class":"edu.osumc.bmi.ird.state.service.State","id":3,"dateCreated":"2015-04-07T19:21:06Z","fullName":"California","lastUpdated":"2015-04-07T19:21:06Z","name":"CA"}]'
|        |               |
|        |               false
|        |               132 differences (73% similarity)
|        |               [{"class":"edu.osumc.bmi.ird.state.service.State","id":1,"dateCreated":(null------------------),"fullName":"Ohio","lastUpdated":(null------------------),"name":"OH"},{"class":"edu.osumc.bmi.ird.state.service.State","id":2,"dateCreated":(null------------------),"fullName":"Michigan","lastUpdated":(null------------------),"name":"MI"},{"class":"edu.osumc.bmi.ird.state.service.State","id":3,"dateCreated":(null------------------),"fullName":"California","lastUpdated":(null------------------),"name":"CA"}]
|        |               [{"class":"edu.osumc.bmi.ird.state.service.State","id":1,"dateCreated":("2015-04-07T19:21:06Z"),"fullName":"Ohio","lastUpdated":("2015-04-07T19:21:06Z"),"name":"OH"},{"class":"edu.osumc.bmi.ird.state.service.State","id":2,"dateCreated":("2015-04-07T19:21:06Z"),"fullName":"Michigan","lastUpdated":("2015-04-07T19:21:06Z"),"name":"MI"},{"class":"edu.osumc.bmi.ird.state.service.State","id":3,"dateCreated":("2015-04-07T19:21:06Z"),"fullName":"California","lastUpdated":("2015-04-07T19:21:06Z"),"name":"CA"}]
|        [{"class":"edu.osumc.bmi.ird.state.service.State","id":1,"dateCreated":null,"fullName":"Ohio","lastUpdated":null,"name":"OH"},{"class":"edu.osumc.bmi.ird.state.service.State","id":2,"dateCreated":null,"fullName":"Michigan","lastUpdated":null,"name":"MI"},{"class":"edu.osumc.bmi.ird.state.service.State","id":3,"dateCreated":null,"fullName":"California","lastUpdated":null,"name":"CA"}]
org.codehaus.groovy.grails.plugins.testing.GrailsMockHttpServletResponse@4c31a7a

	at edu.osumc.bmi.ird.state.service.StateControllerSpec.test index returns all states in json format(StateControllerSpec.groovy:34)
2015-04-07 15:41:06,366 [main] ERROR StackTrace  - Full Stack Trace:
junit.framework.AssertionFailedError: Condition not satisfied:

response.contentAsString == '[{"class":"edu.osumc.bmi.ird.state.service.State","id":1,"dateCreated":"2015-04-07T19:21:06Z","fullName":"Ohio","lastUpdated":"2015-04-07T19:21:06Z","name":"OH"},{"class":"edu.osumc.bmi.ird.state.service.State","id":2,"dateCreated":"2015-04-07T19:21:06Z","fullName":"Michigan","lastUpdated":"2015-04-07T19:21:06Z","name":"MI"},{"class":"edu.osumc.bmi.ird.state.service.State","id":3,"dateCreated":"2015-04-07T19:21:06Z","fullName":"California","lastUpdated":"2015-04-07T19:21:06Z","name":"CA"}]'
|        |               |
|        |               false
|        |               132 differences (73% similarity)
|        |               [{"class":"edu.osumc.bmi.ird.state.service.State","id":1,"dateCreated":(null------------------),"fullName":"Ohio","lastUpdated":(null------------------),"name":"OH"},{"class":"edu.osumc.bmi.ird.state.service.State","id":2,"dateCreated":(null------------------),"fullName":"Michigan","lastUpdated":(null------------------),"name":"MI"},{"class":"edu.osumc.bmi.ird.state.service.State","id":3,"dateCreated":(null------------------),"fullName":"California","lastUpdated":(null------------------),"name":"CA"}]
|        |               [{"class":"edu.osumc.bmi.ird.state.service.State","id":1,"dateCreated":("2015-04-07T19:21:06Z"),"fullName":"Ohio","lastUpdated":("2015-04-07T19:21:06Z"),"name":"OH"},{"class":"edu.osumc.bmi.ird.state.service.State","id":2,"dateCreated":("2015-04-07T19:21:06Z"),"fullName":"Michigan","lastUpdated":("2015-04-07T19:21:06Z"),"name":"MI"},{"class":"edu.osumc.bmi.ird.state.service.State","id":3,"dateCreated":("2015-04-07T19:21:06Z"),"fullName":"California","lastUpdated":("2015-04-07T19:21:06Z"),"name":"CA"}]
|        [{"class":"edu.osumc.bmi.ird.state.service.State","id":1,"dateCreated":null,"fullName":"Ohio","lastUpdated":null,"name":"OH"},{"class":"edu.osumc.bmi.ird.state.service.State","id":2,"dateCreated":null,"fullName":"Michigan","lastUpdated":null,"name":"MI"},{"class":"edu.osumc.bmi.ird.state.service.State","id":3,"dateCreated":null,"fullName":"California","lastUpdated":null,"name":"CA"}]
org.codehaus.groovy.grails.plugins.testing.GrailsMockHttpServletResponse@4c31a7a

	at edu.osumc.bmi.ird.state.service.StateControllerSpec.test index returns all states in json format(StateControllerSpec.groovy:34)
